This is pdfTeX, Version 3.141592653-2.6-1.40.26 (TeX Live 2024/nixos.org) (preloaded format=pdflatex 1980.1.1)  9 OCT 2025 11:36
entering extended mode
 restricted \write18 enabled.
 %&-line parsing enabled.
**main.tex

(/nix/store/h524jqd6k80dpxsa8v6rdm53va4lgib9-texlive-2024-env-texmfdist/tex/lat
ex/tools/x.tex
LaTeX2e <2024-06-01> patch level 2
L3 programming layer <2024-10-09>

! .
l.38   \batchmode \errmessage{}
                               \csname @@end\endcsname \end
This error message was generated by an \errmessage
command, so I can't give any explicit help.
Pretend that you're Hercule Poirot: Examine all clues,
and deduce the truth by order and method.

 ) 
Here is how much of TeX's memory you used:
 16 strings out of 474986
 593 string characters out of 5757256
 383312 words of memory out of 5000000
 22916 multiletter control sequences out of 15000+600000
 558069 words of font info for 36 fonts, out of 8000000 for 9000
 286 hyphenation exceptions out of 8191
 12i,0n,13p,88b,8s stack positions out of 10000i,1000n,20000p,200000b,200000s

No pages of output.
PDF statistics:
 0 PDF objects out of 1000 (max. 8388607)
 0 named destinations out of 1000 (max. 500000)
 1 words of extra memory for PDF output out of 10000 (max. 10000000)

