This is pdfTeX, Version 3.141592653-2.6-1.40.26 (TeX Live 2024/nixos.org) (preloaded format=pdflatex 1980.1.1)  18 JAN 2026 16:37
entering extended mode
 restricted \write18 enabled.
 %&-line parsing enabled.
**main.tex
(./main.tex
LaTeX2e <2024-06-01> patch level 2
L3 programming layer <2024-10-09>
(./acmart.cls
Document Class: acmart 2025/08/27 v2.16 Typesetting articles for the Associatio
n for Computing Machinery

(/nix/store/gmwrbk5nkq0asr4i7bm69dcl8pjj2c8d-texlive-2024-env-texmfdist/tex/lat
ex/xkeyval/xkeyval.sty
Package: xkeyval 2022/06/16 v2.9 package option processing (HA)

(/nix/store/gmwrbk5nkq0asr4i7bm69dcl8pjj2c8d-texlive-2024-env-texmfdist/tex/gen
eric/xkeyval/xkeyval.tex
(/nix/store/gmwrbk5nkq0asr4i7bm69dcl8pjj2c8d-texlive-2024-env-texmfdist/tex/gen
eric/xkeyval/xkvutils.tex
\XKV@toks=\toks17
\XKV@tempa@toks=\toks18

(/nix/store/gmwrbk5nkq0asr4i7bm69dcl8pjj2c8d-texlive-2024-env-texmfdist/tex/gen
eric/xkeyval/keyval.tex))
\XKV@depth=\count194
File: xkeyval.tex 2014/12/03 v2.7a key=value parser (HA)
))
(/nix/store/gmwrbk5nkq0asr4i7bm69dcl8pjj2c8d-texlive-2024-env-texmfdist/tex/gen
eric/xstring/xstring.sty
(/nix/store/gmwrbk5nkq0asr4i7bm69dcl8pjj2c8d-texlive-2024-env-texmfdist/tex/gen
eric/xstring/xstring.tex
\xs_counta=\count195
\xs_countb=\count196
)
Package: xstring 2023/08/22 v1.86 String manipulations (CT)
)
(/nix/store/gmwrbk5nkq0asr4i7bm69dcl8pjj2c8d-texlive-2024-env-texmfdist/tex/gen
eric/iftex/iftex.sty
Package: iftex 2022/02/03 v1.0f TeX engine tests
)
Package acmart Info: Not using screen mode on input line 77.
Package acmart Info: Using breaking urls on hyphens on input line 85.
Package acmart Info: Requiring acmthm on input line 93.
Package acmart Info: Not using review mode on input line 102.
Package acmart Info: Not using authorversion mode on input line 110.
Package acmart Info: Not using nonacm mode on input line 122.
Package acmart Info: Explicitly selecting natbib mode on input line 138.
Package acmart Info: Not using anonymous mode on input line 146.
Package acmart Info: Not using timestamp mode on input line 154.
Package acmart Info: Not using authordraft mode on input line 164.
Package acmart Info: Using nonacm mode on input line 179.
Class acmart Info: Using format acmsmall, number 1 on input line 179.
Class acmart Info: Using fontsize 10pt on input line 281.

(/nix/store/gmwrbk5nkq0asr4i7bm69dcl8pjj2c8d-texlive-2024-env-texmfdist/tex/lat
ex/amscls/amsart.cls
Document Class: amsart 2020/05/29 v2.20.6
\linespacing=\dimen141
\normalparindent=\dimen142
\normaltopskip=\skip49

(/nix/store/gmwrbk5nkq0asr4i7bm69dcl8pjj2c8d-texlive-2024-env-texmfdist/tex/lat
ex/amsmath/amsmath.sty
Package: amsmath 2024/05/23 v2.17q AMS math features
\@mathmargin=\skip50

For additional information on amsmath, use the `?' option.

(/nix/store/gmwrbk5nkq0asr4i7bm69dcl8pjj2c8d-texlive-2024-env-texmfdist/tex/lat
ex/amsmath/amstext.sty
Package: amstext 2021/08/26 v2.01 AMS text

(/nix/store/gmwrbk5nkq0asr4i7bm69dcl8pjj2c8d-texlive-2024-env-texmfdist/tex/lat
ex/amsmath/amsgen.sty
File: amsgen.sty 1999/11/30 v2.0 generic functions
\@emptytoks=\toks19
\ex@=\dimen143
))
(/nix/store/gmwrbk5nkq0asr4i7bm69dcl8pjj2c8d-texlive-2024-env-texmfdist/tex/lat
ex/amsmath/amsbsy.sty
Package: amsbsy 1999/11/29 v1.2d Bold Symbols
\pmbraise@=\dimen144
)
(/nix/store/gmwrbk5nkq0asr4i7bm69dcl8pjj2c8d-texlive-2024-env-texmfdist/tex/lat
ex/amsmath/amsopn.sty
Package: amsopn 2022/04/08 v2.04 operator names
)
\inf@bad=\count197
LaTeX Info: Redefining \frac on input line 233.
\uproot@=\count198
\leftroot@=\count199
LaTeX Info: Redefining \overline on input line 398.
LaTeX Info: Redefining \colon on input line 409.
\classnum@=\count266
\DOTSCASE@=\count267
LaTeX Info: Redefining \ldots on input line 495.
LaTeX Info: Redefining \dots on input line 498.
LaTeX Info: Redefining \cdots on input line 619.
\Mathstrutbox@=\box52
\strutbox@=\box53
LaTeX Info: Redefining \big on input line 721.
LaTeX Info: Redefining \Big on input line 722.
LaTeX Info: Redefining \bigg on input line 723.
LaTeX Info: Redefining \Bigg on input line 724.
\big@size=\dimen145
LaTeX Font Info:    Redeclaring font encoding OML on input line 742.
LaTeX Font Info:    Redeclaring font encoding OMS on input line 743.
\macc@depth=\count268
LaTeX Info: Redefining \bmod on input line 904.
LaTeX Info: Redefining \pmod on input line 909.
LaTeX Info: Redefining \smash on input line 939.
LaTeX Info: Redefining \relbar on input line 969.
LaTeX Info: Redefining \Relbar on input line 970.
\c@MaxMatrixCols=\count269
\dotsspace@=\muskip17
\c@parentequation=\count270
\dspbrk@lvl=\count271
\tag@help=\toks20
\row@=\count272
\column@=\count273
\maxfields@=\count274
\andhelp@=\toks21
\eqnshift@=\dimen146
\alignsep@=\dimen147
\tagshift@=\dimen148
\tagwidth@=\dimen149
\totwidth@=\dimen150
\lineht@=\dimen151
\@envbody=\toks22
\multlinegap=\skip51
\multlinetaggap=\skip52
\mathdisplay@stack=\toks23
LaTeX Info: Redefining \[ on input line 2953.
LaTeX Info: Redefining \] on input line 2954.
)
LaTeX Font Info:    Trying to load font information for U+msa on input line 397
.

(/nix/store/gmwrbk5nkq0asr4i7bm69dcl8pjj2c8d-texlive-2024-env-texmfdist/tex/lat
ex/amsfonts/umsa.fd
File: umsa.fd 2013/01/14 v3.01 AMS symbols A
)
(/nix/store/gmwrbk5nkq0asr4i7bm69dcl8pjj2c8d-texlive-2024-env-texmfdist/tex/lat
ex/amsfonts/amsfonts.sty
Package: amsfonts 2013/01/14 v3.01 Basic AMSFonts support
\symAMSa=\mathgroup4
\symAMSb=\mathgroup5
LaTeX Font Info:    Redeclaring math symbol \hbar on input line 98.
LaTeX Font Info:    Overwriting math alphabet `\mathfrak' in version `bold'
(Font)                  U/euf/m/n --> U/euf/b/n on input line 106.
)
\copyins=\insert252
\abstractbox=\box54
\listisep=\skip53
\c@part=\count275
\c@section=\count276
\c@subsection=\count277
\c@subsubsection=\count278
\c@paragraph=\count279
\c@subparagraph=\count280
\c@figure=\count281
\c@table=\count282
\abovecaptionskip=\skip54
\belowcaptionskip=\skip55
\captionindent=\dimen152
\thm@style=\toks24
\thm@bodyfont=\toks25
\thm@headfont=\toks26
\thm@notefont=\toks27
\thm@headpunct=\toks28
\thm@preskip=\skip56
\thm@postskip=\skip57
\thm@headsep=\skip58
\dth@everypar=\toks29
)
(/nix/store/gmwrbk5nkq0asr4i7bm69dcl8pjj2c8d-texlive-2024-env-texmfdist/tex/lat
ex/microtype/microtype.sty
Package: microtype 2024/03/29 v3.1b Micro-typographical refinements (RS)

(/nix/store/gmwrbk5nkq0asr4i7bm69dcl8pjj2c8d-texlive-2024-env-texmfdist/tex/lat
ex/etoolbox/etoolbox.sty
Package: etoolbox 2020/10/05 v2.5k e-TeX tools for LaTeX (JAW)
\etb@tempcnta=\count283
)
\MT@toks=\toks30
\MT@tempbox=\box55
\MT@count=\count284
LaTeX Info: Redefining \noprotrusionifhmode on input line 1061.
LaTeX Info: Redefining \leftprotrusion on input line 1062.
\MT@prot@toks=\toks31
LaTeX Info: Redefining \rightprotrusion on input line 1081.
LaTeX Info: Redefining \textls on input line 1392.
\MT@outer@kern=\dimen153
LaTeX Info: Redefining \textmicrotypecontext on input line 2013.
\MT@listname@count=\count285

(/nix/store/gmwrbk5nkq0asr4i7bm69dcl8pjj2c8d-texlive-2024-env-texmfdist/tex/lat
ex/microtype/microtype-pdftex.def
File: microtype-pdftex.def 2024/03/29 v3.1b Definitions specific to pdftex (RS)

LaTeX Info: Redefining \lsstyle on input line 902.
LaTeX Info: Redefining \lslig on input line 902.
\MT@outer@space=\skip59
)
Package microtype Info: Loading configuration file microtype.cfg.

(/nix/store/gmwrbk5nkq0asr4i7bm69dcl8pjj2c8d-texlive-2024-env-texmfdist/tex/lat
ex/microtype/microtype.cfg
File: microtype.cfg 2024/03/29 v3.1b microtype main configuration file (RS)
))
(/nix/store/gmwrbk5nkq0asr4i7bm69dcl8pjj2c8d-texlive-2024-env-texmfdist/tex/lat
ex/booktabs/booktabs.sty
Package: booktabs 2020/01/12 v1.61803398 Publication quality tables
\heavyrulewidth=\dimen154
\lightrulewidth=\dimen155
\cmidrulewidth=\dimen156
\belowrulesep=\dimen157
\belowbottomsep=\dimen158
\aboverulesep=\dimen159
\abovetopsep=\dimen160
\cmidrulesep=\dimen161
\cmidrulekern=\dimen162
\defaultaddspace=\dimen163
\@cmidla=\count286
\@cmidlb=\count287
\@aboverulesep=\dimen164
\@belowrulesep=\dimen165
\@thisruleclass=\count288
\@lastruleclass=\count289
\@thisrulewidth=\dimen166
)
(/nix/store/gmwrbk5nkq0asr4i7bm69dcl8pjj2c8d-texlive-2024-env-texmfdist/tex/lat
ex/refcount/refcount.sty
Package: refcount 2019/12/15 v3.6 Data extraction from label references (HO)

(/nix/store/gmwrbk5nkq0asr4i7bm69dcl8pjj2c8d-texlive-2024-env-texmfdist/tex/gen
eric/ltxcmds/ltxcmds.sty
Package: ltxcmds 2023-12-04 v1.26 LaTeX kernel commands for general use (HO)
)
(/nix/store/gmwrbk5nkq0asr4i7bm69dcl8pjj2c8d-texlive-2024-env-texmfdist/tex/gen
eric/infwarerr/infwarerr.sty
Package: infwarerr 2019/12/03 v1.5 Providing info/warning/error messages (HO)
))
(/nix/store/gmwrbk5nkq0asr4i7bm69dcl8pjj2c8d-texlive-2024-env-texmfdist/tex/lat
ex/totpages/totpages.sty
Package: totpages 2005/09/19 v2.00 Totpages Package (muewi)

(/nix/store/gmwrbk5nkq0asr4i7bm69dcl8pjj2c8d-texlive-2024-env-texmfdist/tex/lat
ex/everyshi/everyshi.sty
Package: everyshi 2020/11/18 v4.00 EveryShipout Package
))
(/nix/store/gmwrbk5nkq0asr4i7bm69dcl8pjj2c8d-texlive-2024-env-texmfdist/tex/lat
ex/environ/environ.sty
Package: environ 2014/05/04 v0.3 A new way to define environments

(/nix/store/gmwrbk5nkq0asr4i7bm69dcl8pjj2c8d-texlive-2024-env-texmfdist/tex/lat
ex/trimspaces/trimspaces.sty
Package: trimspaces 2009/09/17 v1.1 Trim spaces around a token list
))
\@ACM@acmcp@delta=\dimen167

(/nix/store/gmwrbk5nkq0asr4i7bm69dcl8pjj2c8d-texlive-2024-env-texmfdist/tex/lat
ex/natbib/natbib.sty
Package: natbib 2010/09/13 8.31b (PWD, AO)
\bibhang=\skip60
\bibsep=\skip61
LaTeX Info: Redefining \cite on input line 694.
\c@NAT@ctr=\count290
)
(/nix/store/gmwrbk5nkq0asr4i7bm69dcl8pjj2c8d-texlive-2024-env-texmfdist/tex/lat
ex/hyperref/hyperref.sty
Package: hyperref 2024-07-10 v7.01j Hypertext links for LaTeX

(/nix/store/gmwrbk5nkq0asr4i7bm69dcl8pjj2c8d-texlive-2024-env-texmfdist/tex/lat
ex/kvsetkeys/kvsetkeys.sty
Package: kvsetkeys 2022-10-05 v1.19 Key value parser (HO)
)
(/nix/store/gmwrbk5nkq0asr4i7bm69dcl8pjj2c8d-texlive-2024-env-texmfdist/tex/gen
eric/kvdefinekeys/kvdefinekeys.sty
Package: kvdefinekeys 2019-12-19 v1.6 Define keys (HO)
)
(/nix/store/gmwrbk5nkq0asr4i7bm69dcl8pjj2c8d-texlive-2024-env-texmfdist/tex/gen
eric/pdfescape/pdfescape.sty
Package: pdfescape 2019/12/09 v1.15 Implements pdfTeX's escape features (HO)

(/nix/store/gmwrbk5nkq0asr4i7bm69dcl8pjj2c8d-texlive-2024-env-texmfdist/tex/gen
eric/pdftexcmds/pdftexcmds.sty
Package: pdftexcmds 2020-06-27 v0.33 Utility functions of pdfTeX for LuaTeX (HO
)
Package pdftexcmds Info: \pdf@primitive is available.
Package pdftexcmds Info: \pdf@ifprimitive is available.
Package pdftexcmds Info: \pdfdraftmode found.
))
(/nix/store/gmwrbk5nkq0asr4i7bm69dcl8pjj2c8d-texlive-2024-env-texmfdist/tex/lat
ex/hycolor/hycolor.sty
Package: hycolor 2020-01-27 v1.10 Color options for hyperref/bookmark (HO)
)
(/nix/store/gmwrbk5nkq0asr4i7bm69dcl8pjj2c8d-texlive-2024-env-texmfdist/tex/lat
ex/hyperref/nameref.sty
Package: nameref 2023-11-26 v2.56 Cross-referencing by name of section

(/nix/store/gmwrbk5nkq0asr4i7bm69dcl8pjj2c8d-texlive-2024-env-texmfdist/tex/gen
eric/gettitlestring/gettitlestring.sty
Package: gettitlestring 2019/12/15 v1.6 Cleanup title references (HO)

(/nix/store/gmwrbk5nkq0asr4i7bm69dcl8pjj2c8d-texlive-2024-env-texmfdist/tex/lat
ex/kvoptions/kvoptions.sty
Package: kvoptions 2022-06-15 v3.15 Key value format for package options (HO)
))
\c@section@level=\count291
)
(/nix/store/gmwrbk5nkq0asr4i7bm69dcl8pjj2c8d-texlive-2024-env-texmfdist/tex/gen
eric/stringenc/stringenc.sty
Package: stringenc 2019/11/29 v1.12 Convert strings between diff. encodings (HO
)
)
\@linkdim=\dimen168
\Hy@linkcounter=\count292
\Hy@pagecounter=\count293

(/nix/store/gmwrbk5nkq0asr4i7bm69dcl8pjj2c8d-texlive-2024-env-texmfdist/tex/lat
ex/hyperref/pd1enc.def
File: pd1enc.def 2024-07-10 v7.01j Hyperref: PDFDocEncoding definition (HO)
Now handling font encoding PD1 ...
... no UTF-8 mapping file for font encoding PD1
)
(/nix/store/gmwrbk5nkq0asr4i7bm69dcl8pjj2c8d-texlive-2024-env-texmfdist/tex/gen
eric/intcalc/intcalc.sty
Package: intcalc 2019/12/15 v1.3 Expandable calculations with integers (HO)
)
\Hy@SavedSpaceFactor=\count294

(/nix/store/gmwrbk5nkq0asr4i7bm69dcl8pjj2c8d-texlive-2024-env-texmfdist/tex/lat
ex/hyperref/puenc.def
File: puenc.def 2024-07-10 v7.01j Hyperref: PDF Unicode definition (HO)
Now handling font encoding PU ...
... no UTF-8 mapping file for font encoding PU
)
Package hyperref Info: Option `bookmarksnumbered' set `true' on input line 4040
.
Package hyperref Info: Option `unicode' set `true' on input line 4040.
Package hyperref Info: Hyper figures OFF on input line 4157.
Package hyperref Info: Link nesting OFF on input line 4162.
Package hyperref Info: Hyper index ON on input line 4165.
Package hyperref Info: Plain pages OFF on input line 4172.
Package hyperref Info: Backreferencing OFF on input line 4177.
Package hyperref Info: Implicit mode ON; LaTeX internals redefined.
Package hyperref Info: Bookmarks ON on input line 4424.
\c@Hy@tempcnt=\count295

(/nix/store/gmwrbk5nkq0asr4i7bm69dcl8pjj2c8d-texlive-2024-env-texmfdist/tex/lat
ex/url/url.sty
\Urlmuskip=\muskip18
Package: url 2013/09/16  ver 3.4  Verb mode for urls, etc.
)
LaTeX Info: Redefining \url on input line 4763.
\XeTeXLinkMargin=\dimen169

(/nix/store/gmwrbk5nkq0asr4i7bm69dcl8pjj2c8d-texlive-2024-env-texmfdist/tex/gen
eric/bitset/bitset.sty
Package: bitset 2019/12/09 v1.3 Handle bit-vector datatype (HO)

(/nix/store/gmwrbk5nkq0asr4i7bm69dcl8pjj2c8d-texlive-2024-env-texmfdist/tex/gen
eric/bigintcalc/bigintcalc.sty
Package: bigintcalc 2019/12/15 v1.5 Expandable calculations on big integers (HO
)
))
\Fld@menulength=\count296
\Field@Width=\dimen170
\Fld@charsize=\dimen171
Package hyperref Info: Hyper figures OFF on input line 6042.
Package hyperref Info: Link nesting OFF on input line 6047.
Package hyperref Info: Hyper index ON on input line 6050.
Package hyperref Info: backreferencing OFF on input line 6057.
Package hyperref Info: Link coloring OFF on input line 6062.
Package hyperref Info: Link coloring with OCG OFF on input line 6067.
Package hyperref Info: PDF/A mode OFF on input line 6072.

(/nix/store/gmwrbk5nkq0asr4i7bm69dcl8pjj2c8d-texlive-2024-env-texmfdist/tex/lat
ex/base/atbegshi-ltx.sty
Package: atbegshi-ltx 2021/01/10 v1.0c Emulation of the original atbegshi
package with kernel methods
)
\Hy@abspage=\count297
\c@Item=\count298
\c@Hfootnote=\count299
)
Package hyperref Info: Driver (autodetected): hpdftex.

(/nix/store/gmwrbk5nkq0asr4i7bm69dcl8pjj2c8d-texlive-2024-env-texmfdist/tex/lat
ex/hyperref/hpdftex.def
File: hpdftex.def 2024-07-10 v7.01j Hyperref driver for pdfTeX

(/nix/store/gmwrbk5nkq0asr4i7bm69dcl8pjj2c8d-texlive-2024-env-texmfdist/tex/lat
ex/base/atveryend-ltx.sty
Package: atveryend-ltx 2020/08/19 v1.0a Emulation of the original atveryend pac
kage
with kernel methods
)
\Fld@listcount=\count300
\c@bookmark@seq@number=\count301

(/nix/store/gmwrbk5nkq0asr4i7bm69dcl8pjj2c8d-texlive-2024-env-texmfdist/tex/lat
ex/rerunfilecheck/rerunfilecheck.sty
Package: rerunfilecheck 2022-07-10 v1.10 Rerun checks for auxiliary files (HO)

(/nix/store/gmwrbk5nkq0asr4i7bm69dcl8pjj2c8d-texlive-2024-env-texmfdist/tex/gen
eric/uniquecounter/uniquecounter.sty
Package: uniquecounter 2019/12/15 v1.4 Provide unlimited unique counter (HO)
)
Package uniquecounter Info: New unique counter `rerunfilecheck' on input line 2
85.
)
\Hy@SectionHShift=\skip62
)
(/nix/store/gmwrbk5nkq0asr4i7bm69dcl8pjj2c8d-texlive-2024-env-texmfdist/tex/lat
ex/hyperxmp/hyperxmp.sty
Package: hyperxmp 2024/03/17 v5.13 Store hyperref metadata in XMP format
\hyxmp@aep@toks=\toks32

(/nix/store/gmwrbk5nkq0asr4i7bm69dcl8pjj2c8d-texlive-2024-env-texmfdist/tex/lat
ex/ifmtarg/ifmtarg.sty
Package: ifmtarg 2018/04/16 v1.2b check for an empty argument
)
(/nix/store/gmwrbk5nkq0asr4i7bm69dcl8pjj2c8d-texlive-2024-env-texmfdist/tex/lat
ex/base/ifthen.sty
Package: ifthen 2024/03/16 v1.1e Standard LaTeX ifthen package (DPC)
)
\@hyxmp@count=\count302

(/nix/store/gmwrbk5nkq0asr4i7bm69dcl8pjj2c8d-texlive-2024-env-texmfdist/tex/lat
ex/oberdiek/ifdraft.sty
Package: ifdraft 2016/05/16 v1.4 Detect class options draft and final (HO)
)
(/nix/store/gmwrbk5nkq0asr4i7bm69dcl8pjj2c8d-texlive-2024-env-texmfdist/tex/gen
eric/iftex/ifluatex.sty
Package: ifluatex 2019/10/25 v1.5 ifluatex legacy package. Use iftex instead.
))
(/nix/store/gmwrbk5nkq0asr4i7bm69dcl8pjj2c8d-texlive-2024-env-texmfdist/tex/lat
ex/graphics/graphicx.sty
Package: graphicx 2021/09/16 v1.2d Enhanced LaTeX Graphics (DPC,SPQR)

(/nix/store/gmwrbk5nkq0asr4i7bm69dcl8pjj2c8d-texlive-2024-env-texmfdist/tex/lat
ex/graphics/graphics.sty
Package: graphics 2024/05/23 v1.4g Standard LaTeX Graphics (DPC,SPQR)

(/nix/store/gmwrbk5nkq0asr4i7bm69dcl8pjj2c8d-texlive-2024-env-texmfdist/tex/lat
ex/graphics/trig.sty
Package: trig 2023/12/02 v1.11 sin cos tan (DPC)
)
(/nix/store/gmwrbk5nkq0asr4i7bm69dcl8pjj2c8d-texlive-2024-env-texmfdist/tex/lat
ex/graphics-cfg/graphics.cfg
File: graphics.cfg 2016/06/04 v1.11 sample graphics configuration
)
Package graphics Info: Driver file: pdftex.def on input line 106.

(/nix/store/gmwrbk5nkq0asr4i7bm69dcl8pjj2c8d-texlive-2024-env-texmfdist/tex/lat
ex/graphics-def/pdftex.def
File: pdftex.def 2024/04/13 v1.2c Graphics/color driver for pdftex
))
\Gin@req@height=\dimen172
\Gin@req@width=\dimen173
)
(/nix/store/gmwrbk5nkq0asr4i7bm69dcl8pjj2c8d-texlive-2024-env-texmfdist/tex/lat
ex/xcolor/xcolor.sty
Package: xcolor 2024/09/29 v3.02 LaTeX color extensions (UK)

(/nix/store/gmwrbk5nkq0asr4i7bm69dcl8pjj2c8d-texlive-2024-env-texmfdist/tex/lat
ex/graphics-cfg/color.cfg
File: color.cfg 2016/01/02 v1.6 sample color configuration
)
Package xcolor Info: Driver file: pdftex.def on input line 274.

(/nix/store/gmwrbk5nkq0asr4i7bm69dcl8pjj2c8d-texlive-2024-env-texmfdist/tex/lat
ex/graphics/mathcolor.ltx)
Package xcolor Info: Model `cmy' substituted by `cmy0' on input line 1349.
Package xcolor Info: Model `hsb' substituted by `rgb' on input line 1353.
Package xcolor Info: Model `RGB' extended on input line 1365.
Package xcolor Info: Model `HTML' substituted by `rgb' on input line 1367.
Package xcolor Info: Model `Hsb' substituted by `hsb' on input line 1368.
Package xcolor Info: Model `tHsb' substituted by `hsb' on input line 1369.
Package xcolor Info: Model `HSB' substituted by `hsb' on input line 1370.
Package xcolor Info: Model `Gray' substituted by `gray' on input line 1371.
Package xcolor Info: Model `wave' substituted by `hsb' on input line 1372.
)
(/nix/store/gmwrbk5nkq0asr4i7bm69dcl8pjj2c8d-texlive-2024-env-texmfdist/tex/lat
ex/geometry/geometry.sty
Package: geometry 2020/01/02 v5.9 Page Geometry

(/nix/store/gmwrbk5nkq0asr4i7bm69dcl8pjj2c8d-texlive-2024-env-texmfdist/tex/gen
eric/iftex/ifvtex.sty
Package: ifvtex 2019/10/25 v1.7 ifvtex legacy package. Use iftex instead.
)
\Gm@cnth=\count303
\Gm@cntv=\count304
\c@Gm@tempcnt=\count305
\Gm@bindingoffset=\dimen174
\Gm@wd@mp=\dimen175
\Gm@odd@mp=\dimen176
\Gm@even@mp=\dimen177
\Gm@layoutwidth=\dimen178
\Gm@layoutheight=\dimen179
\Gm@layouthoffset=\dimen180
\Gm@layoutvoffset=\dimen181
\Gm@dimlist=\toks33
)
(/nix/store/gmwrbk5nkq0asr4i7bm69dcl8pjj2c8d-texlive-2024-env-texmfdist/tex/lat
ex/ncctools/manyfoot.sty
Package: manyfoot 2019/08/03 v1.11 Many Footnote Levels Package (NCC)

(/nix/store/gmwrbk5nkq0asr4i7bm69dcl8pjj2c8d-texlive-2024-env-texmfdist/tex/lat
ex/ncctools/nccfoots.sty
Package: nccfoots 2005/02/03 v1.2 NCC Footnotes Package (NCC)
)
\MFL@columnwidth=\dimen182
)
\footinsauthorsaddresses=\insert251
\c@footnoteauthorsaddresses=\count306
\footinscopyrightpermission=\insert250
\c@footnotecopyrightpermission=\count307

(/nix/store/gmwrbk5nkq0asr4i7bm69dcl8pjj2c8d-texlive-2024-env-texmfdist/tex/gen
eric/pdftex/glyphtounicode.tex)
(/nix/store/gmwrbk5nkq0asr4i7bm69dcl8pjj2c8d-texlive-2024-env-texmfdist/tex/lat
ex/cmap/cmap.sty
Package: cmap 2021/02/06 v1.0j CMap support: searchable PDF
)

Class acmart Warning: You do not have the inconsolata (zi4.sty) package install
ed. Please upgrade your TeX on input line 857.


Class acmart Warning: You do not have the newtxmath package installed. Please u
pgrade your TeX on input line 860.


(/nix/store/gmwrbk5nkq0asr4i7bm69dcl8pjj2c8d-texlive-2024-env-texmfdist/tex/lat
ex/caption/caption.sty
Package: caption 2023/08/05 v3.6o Customizing captions (AR)

(/nix/store/gmwrbk5nkq0asr4i7bm69dcl8pjj2c8d-texlive-2024-env-texmfdist/tex/lat
ex/caption/caption3.sty
Package: caption3 2023/07/31 v2.4d caption3 kernel (AR)
\caption@tempdima=\dimen183
\captionmargin=\dimen184
\caption@leftmargin=\dimen185
\caption@rightmargin=\dimen186
\caption@width=\dimen187
\caption@indent=\dimen188
\caption@parindent=\dimen189
\caption@hangindent=\dimen190
Package caption Info: AMS or SMF document class detected.

(/nix/store/gmwrbk5nkq0asr4i7bm69dcl8pjj2c8d-texlive-2024-env-texmfdist/tex/lat
ex/caption/caption-ams-smf.sto
File: caption-ams-smf.sto 2020/08/22 v2.0 Adaption of the caption package to th
e AMS and SMF document classes (AR)
))
\c@caption@flags=\count308
\c@continuedfloat=\count309
Package caption Info: hyperref package is loaded.
)
(/nix/store/gmwrbk5nkq0asr4i7bm69dcl8pjj2c8d-texlive-2024-env-texmfdist/tex/lat
ex/float/float.sty
Package: float 2001/11/08 v1.3d Float enhancements (AL)
\c@float@type=\count310
\float@exts=\toks34
\float@box=\box56
\@float@everytoks=\toks35
\@floatcapt=\box57
)
\@float@every@sidebar=\toks36
\c@sidebar=\count311
\fulltextwidth=\dimen191
\@ACM@labelwidth=\dimen192
\listisep=\skip63
\num@authorgroups=\count312
\num@authors=\count313
\@ACM@badge@width=\skip64
\@ACM@title@width=\skip65
\@ACM@badge@skip=\skip66
Class acmart Info: Printing CCS on input line 1848.
Class acmart Info: Printing bibformat on input line 1848.
Class acmart Info: Printing folios on input line 1853.
Class acmart Info: Setting authorsperrow to 0 on input line 1858.

(/nix/store/gmwrbk5nkq0asr4i7bm69dcl8pjj2c8d-texlive-2024-env-texmfdist/tex/lat
ex/comment/comment.sty
\CommentStream=\write3
 Excluding comment 'comment') Excluding comment 'CCSXML'
\c@@concepts=\count314
\mktitle@bx=\box58
\@ACM@acmcpbox=\box59
\@ACM@commabox=\box60
\author@bx=\box61
\author@bx@wd=\dimen193
\author@bx@sep=\skip67

(/nix/store/gmwrbk5nkq0asr4i7bm69dcl8pjj2c8d-texlive-2024-env-texmfdist/tex/lat
ex/fancyhdr/fancyhdr.sty
Package: fancyhdr 2024/07/23 v4.3.1 Extensive control of page headers and foote
rs
\f@nch@headwidth=\skip68
\f@nch@O@elh=\skip69
\f@nch@O@erh=\skip70
\f@nch@O@olh=\skip71
\f@nch@O@orh=\skip72
\f@nch@O@elf=\skip73
\f@nch@O@erf=\skip74
\f@nch@O@olf=\skip75
\f@nch@O@orf=\skip76
) Special comment 'acks')
Class acmart Info: Suppressing bibformat on input line 54.

(/nix/store/gmwrbk5nkq0asr4i7bm69dcl8pjj2c8d-texlive-2024-env-texmfdist/tex/lat
ex/amsfonts/amssymb.sty
Package: amssymb 2013/01/14 v3.01 AMS font symbols
)
(/nix/store/gmwrbk5nkq0asr4i7bm69dcl8pjj2c8d-texlive-2024-env-texmfdist/tex/lat
ex/caption/subcaption.sty
Package: subcaption 2023/07/28 v1.6b Sub-captions (AR)
Package caption Info: New subtype `subfigure' on input line 238.
\c@subfigure=\count315
Package caption Info: New subtype `subtable' on input line 238.
\c@subtable=\count316
)
(/nix/store/gmwrbk5nkq0asr4i7bm69dcl8pjj2c8d-texlive-2024-env-texmfdist/tex/lat
ex/pgf/frontendlayer/tikz.sty
(/nix/store/gmwrbk5nkq0asr4i7bm69dcl8pjj2c8d-texlive-2024-env-texmfdist/tex/lat
ex/pgf/basiclayer/pgf.sty
(/nix/store/gmwrbk5nkq0asr4i7bm69dcl8pjj2c8d-texlive-2024-env-texmfdist/tex/lat
ex/pgf/utilities/pgfrcs.sty
(/nix/store/gmwrbk5nkq0asr4i7bm69dcl8pjj2c8d-texlive-2024-env-texmfdist/tex/gen
eric/pgf/utilities/pgfutil-common.tex
\pgfutil@everybye=\toks37
\pgfutil@tempdima=\dimen194
\pgfutil@tempdimb=\dimen195
)
(/nix/store/gmwrbk5nkq0asr4i7bm69dcl8pjj2c8d-texlive-2024-env-texmfdist/tex/gen
eric/pgf/utilities/pgfutil-latex.def
\pgfutil@abb=\box62
)
(/nix/store/gmwrbk5nkq0asr4i7bm69dcl8pjj2c8d-texlive-2024-env-texmfdist/tex/gen
eric/pgf/utilities/pgfrcs.code.tex
(/nix/store/gmwrbk5nkq0asr4i7bm69dcl8pjj2c8d-texlive-2024-env-texmfdist/tex/gen
eric/pgf/pgf.revision.tex)
Package: pgfrcs 2023-01-15 v3.1.10 (3.1.10)
))
Package: pgf 2023-01-15 v3.1.10 (3.1.10)

(/nix/store/gmwrbk5nkq0asr4i7bm69dcl8pjj2c8d-texlive-2024-env-texmfdist/tex/lat
ex/pgf/basiclayer/pgfcore.sty
(/nix/store/gmwrbk5nkq0asr4i7bm69dcl8pjj2c8d-texlive-2024-env-texmfdist/tex/lat
ex/pgf/systemlayer/pgfsys.sty
(/nix/store/gmwrbk5nkq0asr4i7bm69dcl8pjj2c8d-texlive-2024-env-texmfdist/tex/gen
eric/pgf/systemlayer/pgfsys.code.tex
Package: pgfsys 2023-01-15 v3.1.10 (3.1.10)

(/nix/store/gmwrbk5nkq0asr4i7bm69dcl8pjj2c8d-texlive-2024-env-texmfdist/tex/gen
eric/pgf/utilities/pgfkeys.code.tex
\pgfkeys@pathtoks=\toks38
\pgfkeys@temptoks=\toks39

(/nix/store/gmwrbk5nkq0asr4i7bm69dcl8pjj2c8d-texlive-2024-env-texmfdist/tex/gen
eric/pgf/utilities/pgfkeyslibraryfiltered.code.tex
\pgfkeys@tmptoks=\toks40
))
\pgf@x=\dimen196
\pgf@y=\dimen197
\pgf@xa=\dimen198
\pgf@ya=\dimen199
\pgf@xb=\dimen256
\pgf@yb=\dimen257
\pgf@xc=\dimen258
\pgf@yc=\dimen259
\pgf@xd=\dimen260
\pgf@yd=\dimen261
\w@pgf@writea=\write4
\r@pgf@reada=\read2
\c@pgf@counta=\count317
\c@pgf@countb=\count318
\c@pgf@countc=\count319
\c@pgf@countd=\count320
\t@pgf@toka=\toks41
\t@pgf@tokb=\toks42
\t@pgf@tokc=\toks43
\pgf@sys@id@count=\count321

(/nix/store/gmwrbk5nkq0asr4i7bm69dcl8pjj2c8d-texlive-2024-env-texmfdist/tex/gen
eric/pgf/systemlayer/pgf.cfg
File: pgf.cfg 2023-01-15 v3.1.10 (3.1.10)
)
Driver file for pgf: pgfsys-pdftex.def

(/nix/store/gmwrbk5nkq0asr4i7bm69dcl8pjj2c8d-texlive-2024-env-texmfdist/tex/gen
eric/pgf/systemlayer/pgfsys-pdftex.def
File: pgfsys-pdftex.def 2023-01-15 v3.1.10 (3.1.10)

(/nix/store/gmwrbk5nkq0asr4i7bm69dcl8pjj2c8d-texlive-2024-env-texmfdist/tex/gen
eric/pgf/systemlayer/pgfsys-common-pdf.def
File: pgfsys-common-pdf.def 2023-01-15 v3.1.10 (3.1.10)
)))
(/nix/store/gmwrbk5nkq0asr4i7bm69dcl8pjj2c8d-texlive-2024-env-texmfdist/tex/gen
eric/pgf/systemlayer/pgfsyssoftpath.code.tex
File: pgfsyssoftpath.code.tex 2023-01-15 v3.1.10 (3.1.10)
\pgfsyssoftpath@smallbuffer@items=\count322
\pgfsyssoftpath@bigbuffer@items=\count323
)
(/nix/store/gmwrbk5nkq0asr4i7bm69dcl8pjj2c8d-texlive-2024-env-texmfdist/tex/gen
eric/pgf/systemlayer/pgfsysprotocol.code.tex
File: pgfsysprotocol.code.tex 2023-01-15 v3.1.10 (3.1.10)
))
(/nix/store/gmwrbk5nkq0asr4i7bm69dcl8pjj2c8d-texlive-2024-env-texmfdist/tex/gen
eric/pgf/basiclayer/pgfcore.code.tex
Package: pgfcore 2023-01-15 v3.1.10 (3.1.10)

(/nix/store/gmwrbk5nkq0asr4i7bm69dcl8pjj2c8d-texlive-2024-env-texmfdist/tex/gen
eric/pgf/math/pgfmath.code.tex
(/nix/store/gmwrbk5nkq0asr4i7bm69dcl8pjj2c8d-texlive-2024-env-texmfdist/tex/gen
eric/pgf/math/pgfmathutil.code.tex)
(/nix/store/gmwrbk5nkq0asr4i7bm69dcl8pjj2c8d-texlive-2024-env-texmfdist/tex/gen
eric/pgf/math/pgfmathparser.code.tex
\pgfmath@dimen=\dimen262
\pgfmath@count=\count324
\pgfmath@box=\box63
\pgfmath@toks=\toks44
\pgfmath@stack@operand=\toks45
\pgfmath@stack@operation=\toks46
)
(/nix/store/gmwrbk5nkq0asr4i7bm69dcl8pjj2c8d-texlive-2024-env-texmfdist/tex/gen
eric/pgf/math/pgfmathfunctions.code.tex)
(/nix/store/gmwrbk5nkq0asr4i7bm69dcl8pjj2c8d-texlive-2024-env-texmfdist/tex/gen
eric/pgf/math/pgfmathfunctions.basic.code.tex)
(/nix/store/gmwrbk5nkq0asr4i7bm69dcl8pjj2c8d-texlive-2024-env-texmfdist/tex/gen
eric/pgf/math/pgfmathfunctions.trigonometric.code.tex)
(/nix/store/gmwrbk5nkq0asr4i7bm69dcl8pjj2c8d-texlive-2024-env-texmfdist/tex/gen
eric/pgf/math/pgfmathfunctions.random.code.tex)
(/nix/store/gmwrbk5nkq0asr4i7bm69dcl8pjj2c8d-texlive-2024-env-texmfdist/tex/gen
eric/pgf/math/pgfmathfunctions.comparison.code.tex)
(/nix/store/gmwrbk5nkq0asr4i7bm69dcl8pjj2c8d-texlive-2024-env-texmfdist/tex/gen
eric/pgf/math/pgfmathfunctions.base.code.tex)
(/nix/store/gmwrbk5nkq0asr4i7bm69dcl8pjj2c8d-texlive-2024-env-texmfdist/tex/gen
eric/pgf/math/pgfmathfunctions.round.code.tex)
(/nix/store/gmwrbk5nkq0asr4i7bm69dcl8pjj2c8d-texlive-2024-env-texmfdist/tex/gen
eric/pgf/math/pgfmathfunctions.misc.code.tex)
(/nix/store/gmwrbk5nkq0asr4i7bm69dcl8pjj2c8d-texlive-2024-env-texmfdist/tex/gen
eric/pgf/math/pgfmathfunctions.integerarithmetics.code.tex)
(/nix/store/gmwrbk5nkq0asr4i7bm69dcl8pjj2c8d-texlive-2024-env-texmfdist/tex/gen
eric/pgf/math/pgfmathcalc.code.tex)
(/nix/store/gmwrbk5nkq0asr4i7bm69dcl8pjj2c8d-texlive-2024-env-texmfdist/tex/gen
eric/pgf/math/pgfmathfloat.code.tex
\c@pgfmathroundto@lastzeros=\count325
))
(/nix/store/gmwrbk5nkq0asr4i7bm69dcl8pjj2c8d-texlive-2024-env-texmfdist/tex/gen
eric/pgf/math/pgfint.code.tex)
(/nix/store/gmwrbk5nkq0asr4i7bm69dcl8pjj2c8d-texlive-2024-env-texmfdist/tex/gen
eric/pgf/basiclayer/pgfcorepoints.code.tex
File: pgfcorepoints.code.tex 2023-01-15 v3.1.10 (3.1.10)
\pgf@picminx=\dimen263
\pgf@picmaxx=\dimen264
\pgf@picminy=\dimen265
\pgf@picmaxy=\dimen266
\pgf@pathminx=\dimen267
\pgf@pathmaxx=\dimen268
\pgf@pathminy=\dimen269
\pgf@pathmaxy=\dimen270
\pgf@xx=\dimen271
\pgf@xy=\dimen272
\pgf@yx=\dimen273
\pgf@yy=\dimen274
\pgf@zx=\dimen275
\pgf@zy=\dimen276
)
(/nix/store/gmwrbk5nkq0asr4i7bm69dcl8pjj2c8d-texlive-2024-env-texmfdist/tex/gen
eric/pgf/basiclayer/pgfcorepathconstruct.code.tex
File: pgfcorepathconstruct.code.tex 2023-01-15 v3.1.10 (3.1.10)
\pgf@path@lastx=\dimen277
\pgf@path@lasty=\dimen278
)
(/nix/store/gmwrbk5nkq0asr4i7bm69dcl8pjj2c8d-texlive-2024-env-texmfdist/tex/gen
eric/pgf/basiclayer/pgfcorepathusage.code.tex
File: pgfcorepathusage.code.tex 2023-01-15 v3.1.10 (3.1.10)
\pgf@shorten@end@additional=\dimen279
\pgf@shorten@start@additional=\dimen280
)
(/nix/store/gmwrbk5nkq0asr4i7bm69dcl8pjj2c8d-texlive-2024-env-texmfdist/tex/gen
eric/pgf/basiclayer/pgfcorescopes.code.tex
File: pgfcorescopes.code.tex 2023-01-15 v3.1.10 (3.1.10)
\pgfpic=\box64
\pgf@hbox=\box65
\pgf@layerbox@main=\box66
\pgf@picture@serial@count=\count326
)
(/nix/store/gmwrbk5nkq0asr4i7bm69dcl8pjj2c8d-texlive-2024-env-texmfdist/tex/gen
eric/pgf/basiclayer/pgfcoregraphicstate.code.tex
File: pgfcoregraphicstate.code.tex 2023-01-15 v3.1.10 (3.1.10)
\pgflinewidth=\dimen281
)
(/nix/store/gmwrbk5nkq0asr4i7bm69dcl8pjj2c8d-texlive-2024-env-texmfdist/tex/gen
eric/pgf/basiclayer/pgfcoretransformations.code.tex
File: pgfcoretransformations.code.tex 2023-01-15 v3.1.10 (3.1.10)
\pgf@pt@x=\dimen282
\pgf@pt@y=\dimen283
\pgf@pt@temp=\dimen284
)
(/nix/store/gmwrbk5nkq0asr4i7bm69dcl8pjj2c8d-texlive-2024-env-texmfdist/tex/gen
eric/pgf/basiclayer/pgfcorequick.code.tex
File: pgfcorequick.code.tex 2023-01-15 v3.1.10 (3.1.10)
)
(/nix/store/gmwrbk5nkq0asr4i7bm69dcl8pjj2c8d-texlive-2024-env-texmfdist/tex/gen
eric/pgf/basiclayer/pgfcoreobjects.code.tex
File: pgfcoreobjects.code.tex 2023-01-15 v3.1.10 (3.1.10)
)
(/nix/store/gmwrbk5nkq0asr4i7bm69dcl8pjj2c8d-texlive-2024-env-texmfdist/tex/gen
eric/pgf/basiclayer/pgfcorepathprocessing.code.tex
File: pgfcorepathprocessing.code.tex 2023-01-15 v3.1.10 (3.1.10)
)
(/nix/store/gmwrbk5nkq0asr4i7bm69dcl8pjj2c8d-texlive-2024-env-texmfdist/tex/gen
eric/pgf/basiclayer/pgfcorearrows.code.tex
File: pgfcorearrows.code.tex 2023-01-15 v3.1.10 (3.1.10)
\pgfarrowsep=\dimen285
)
(/nix/store/gmwrbk5nkq0asr4i7bm69dcl8pjj2c8d-texlive-2024-env-texmfdist/tex/gen
eric/pgf/basiclayer/pgfcoreshade.code.tex
File: pgfcoreshade.code.tex 2023-01-15 v3.1.10 (3.1.10)
\pgf@max=\dimen286
\pgf@sys@shading@range@num=\count327
\pgf@shadingcount=\count328
)
(/nix/store/gmwrbk5nkq0asr4i7bm69dcl8pjj2c8d-texlive-2024-env-texmfdist/tex/gen
eric/pgf/basiclayer/pgfcoreimage.code.tex
File: pgfcoreimage.code.tex 2023-01-15 v3.1.10 (3.1.10)
)
(/nix/store/gmwrbk5nkq0asr4i7bm69dcl8pjj2c8d-texlive-2024-env-texmfdist/tex/gen
eric/pgf/basiclayer/pgfcoreexternal.code.tex
File: pgfcoreexternal.code.tex 2023-01-15 v3.1.10 (3.1.10)
\pgfexternal@startupbox=\box67
)
(/nix/store/gmwrbk5nkq0asr4i7bm69dcl8pjj2c8d-texlive-2024-env-texmfdist/tex/gen
eric/pgf/basiclayer/pgfcorelayers.code.tex
File: pgfcorelayers.code.tex 2023-01-15 v3.1.10 (3.1.10)
)
(/nix/store/gmwrbk5nkq0asr4i7bm69dcl8pjj2c8d-texlive-2024-env-texmfdist/tex/gen
eric/pgf/basiclayer/pgfcoretransparency.code.tex
File: pgfcoretransparency.code.tex 2023-01-15 v3.1.10 (3.1.10)
)
(/nix/store/gmwrbk5nkq0asr4i7bm69dcl8pjj2c8d-texlive-2024-env-texmfdist/tex/gen
eric/pgf/basiclayer/pgfcorepatterns.code.tex
File: pgfcorepatterns.code.tex 2023-01-15 v3.1.10 (3.1.10)
)
(/nix/store/gmwrbk5nkq0asr4i7bm69dcl8pjj2c8d-texlive-2024-env-texmfdist/tex/gen
eric/pgf/basiclayer/pgfcorerdf.code.tex
File: pgfcorerdf.code.tex 2023-01-15 v3.1.10 (3.1.10)
)))
(/nix/store/gmwrbk5nkq0asr4i7bm69dcl8pjj2c8d-texlive-2024-env-texmfdist/tex/gen
eric/pgf/modules/pgfmoduleshapes.code.tex
File: pgfmoduleshapes.code.tex 2023-01-15 v3.1.10 (3.1.10)
\pgfnodeparttextbox=\box68
)
(/nix/store/gmwrbk5nkq0asr4i7bm69dcl8pjj2c8d-texlive-2024-env-texmfdist/tex/gen
eric/pgf/modules/pgfmoduleplot.code.tex
File: pgfmoduleplot.code.tex 2023-01-15 v3.1.10 (3.1.10)
)
(/nix/store/gmwrbk5nkq0asr4i7bm69dcl8pjj2c8d-texlive-2024-env-texmfdist/tex/lat
ex/pgf/compatibility/pgfcomp-version-0-65.sty
Package: pgfcomp-version-0-65 2023-01-15 v3.1.10 (3.1.10)
\pgf@nodesepstart=\dimen287
\pgf@nodesepend=\dimen288
)
(/nix/store/gmwrbk5nkq0asr4i7bm69dcl8pjj2c8d-texlive-2024-env-texmfdist/tex/lat
ex/pgf/compatibility/pgfcomp-version-1-18.sty
Package: pgfcomp-version-1-18 2023-01-15 v3.1.10 (3.1.10)
))
(/nix/store/gmwrbk5nkq0asr4i7bm69dcl8pjj2c8d-texlive-2024-env-texmfdist/tex/lat
ex/pgf/utilities/pgffor.sty
(/nix/store/gmwrbk5nkq0asr4i7bm69dcl8pjj2c8d-texlive-2024-env-texmfdist/tex/lat
ex/pgf/utilities/pgfkeys.sty
(/nix/store/gmwrbk5nkq0asr4i7bm69dcl8pjj2c8d-texlive-2024-env-texmfdist/tex/gen
eric/pgf/utilities/pgfkeys.code.tex))
(/nix/store/gmwrbk5nkq0asr4i7bm69dcl8pjj2c8d-texlive-2024-env-texmfdist/tex/lat
ex/pgf/math/pgfmath.sty
(/nix/store/gmwrbk5nkq0asr4i7bm69dcl8pjj2c8d-texlive-2024-env-texmfdist/tex/gen
eric/pgf/math/pgfmath.code.tex))
(/nix/store/gmwrbk5nkq0asr4i7bm69dcl8pjj2c8d-texlive-2024-env-texmfdist/tex/gen
eric/pgf/utilities/pgffor.code.tex
Package: pgffor 2023-01-15 v3.1.10 (3.1.10)
\pgffor@iter=\dimen289
\pgffor@skip=\dimen290
\pgffor@stack=\toks47
\pgffor@toks=\toks48
))
(/nix/store/gmwrbk5nkq0asr4i7bm69dcl8pjj2c8d-texlive-2024-env-texmfdist/tex/gen
eric/pgf/frontendlayer/tikz/tikz.code.tex
Package: tikz 2023-01-15 v3.1.10 (3.1.10)

(/nix/store/gmwrbk5nkq0asr4i7bm69dcl8pjj2c8d-texlive-2024-env-texmfdist/tex/gen
eric/pgf/libraries/pgflibraryplothandlers.code.tex
File: pgflibraryplothandlers.code.tex 2023-01-15 v3.1.10 (3.1.10)
\pgf@plot@mark@count=\count329
\pgfplotmarksize=\dimen291
)
\tikz@lastx=\dimen292
\tikz@lasty=\dimen293
\tikz@lastxsaved=\dimen294
\tikz@lastysaved=\dimen295
\tikz@lastmovetox=\dimen296
\tikz@lastmovetoy=\dimen297
\tikzleveldistance=\dimen298
\tikzsiblingdistance=\dimen299
\tikz@figbox=\box69
\tikz@figbox@bg=\box70
\tikz@tempbox=\box71
\tikz@tempbox@bg=\box72
\tikztreelevel=\count330
\tikznumberofchildren=\count331
\tikznumberofcurrentchild=\count332
\tikz@fig@count=\count333

(/nix/store/gmwrbk5nkq0asr4i7bm69dcl8pjj2c8d-texlive-2024-env-texmfdist/tex/gen
eric/pgf/modules/pgfmodulematrix.code.tex
File: pgfmodulematrix.code.tex 2023-01-15 v3.1.10 (3.1.10)
\pgfmatrixcurrentrow=\count334
\pgfmatrixcurrentcolumn=\count335
\pgf@matrix@numberofcolumns=\count336
)
\tikz@expandcount=\count337

(/nix/store/gmwrbk5nkq0asr4i7bm69dcl8pjj2c8d-texlive-2024-env-texmfdist/tex/gen
eric/pgf/frontendlayer/tikz/libraries/tikzlibrarytopaths.code.tex
File: tikzlibrarytopaths.code.tex 2023-01-15 v3.1.10 (3.1.10)
)))
(/nix/store/gmwrbk5nkq0asr4i7bm69dcl8pjj2c8d-texlive-2024-env-texmfdist/tex/lat
ex/todonotes/todonotes.sty
Package: todonotes 2024/01/05 v1.1.7 Todonotes source and documentation.
Package: todonotes 2024/01/05

(/nix/store/gmwrbk5nkq0asr4i7bm69dcl8pjj2c8d-texlive-2024-env-texmfdist/tex/gen
eric/pgf/frontendlayer/tikz/libraries/tikzlibrarypositioning.code.tex
File: tikzlibrarypositioning.code.tex 2023-01-15 v3.1.10 (3.1.10)
)
(/nix/store/gmwrbk5nkq0asr4i7bm69dcl8pjj2c8d-texlive-2024-env-texmfdist/tex/lat
ex/tools/calc.sty
Package: calc 2023/07/08 v4.3 Infix arithmetic (KKT,FJ)
\calc@Acount=\count338
\calc@Bcount=\count339
\calc@Adimen=\dimen300
\calc@Bdimen=\dimen301
\calc@Askip=\skip77
\calc@Bskip=\skip78
LaTeX Info: Redefining \setlength on input line 80.
LaTeX Info: Redefining \addtolength on input line 81.
\calc@Ccount=\count340
\calc@Cskip=\skip79
)
\c@@todonotes@numberoftodonotes=\count341
)
(/nix/store/gmwrbk5nkq0asr4i7bm69dcl8pjj2c8d-texlive-2024-env-texmfdist/tex/gen
eric/tikz-cd/tikzlibrarycd.code.tex
(/nix/store/gmwrbk5nkq0asr4i7bm69dcl8pjj2c8d-texlive-2024-env-texmfdist/tex/gen
eric/pgf/frontendlayer/tikz/libraries/tikzlibrarymatrix.code.tex
File: tikzlibrarymatrix.code.tex 2023-01-15 v3.1.10 (3.1.10)
)
(/nix/store/gmwrbk5nkq0asr4i7bm69dcl8pjj2c8d-texlive-2024-env-texmfdist/tex/gen
eric/pgf/frontendlayer/tikz/libraries/tikzlibraryquotes.code.tex
File: tikzlibraryquotes.code.tex 2023-01-15 v3.1.10 (3.1.10)
)
(/nix/store/gmwrbk5nkq0asr4i7bm69dcl8pjj2c8d-texlive-2024-env-texmfdist/tex/gen
eric/pgf/libraries/pgflibraryarrows.meta.code.tex
File: pgflibraryarrows.meta.code.tex 2023-01-15 v3.1.10 (3.1.10)
\pgfarrowinset=\dimen302
\pgfarrowlength=\dimen303
\pgfarrowwidth=\dimen304
\pgfarrowlinewidth=\dimen305
))
Package hyperref Info: Option `pdfdisplaydoctitle' set `true' on input line 156
.
\c@theorem=\count342

Excluding comment 'screenonly' Include comment 'printonly'
Include comment 'anonsuppress'
(/nix/store/gmwrbk5nkq0asr4i7bm69dcl8pjj2c8d-texlive-2024-env-texmfdist/tex/lat
ex/l3backend/l3backend-pdftex.def
File: l3backend-pdftex.def 2024-05-08 L3 backend support: PDF output (pdfTeX)
\l__color_backend_stack_int=\count343
\l__pdf_internal_box=\box73
) (./main.aux)
\openout1 = `main.aux'.

LaTeX Font Info:    Checking defaults for OML/cmm/m/it on input line 156.
LaTeX Font Info:    ... okay on input line 156.
LaTeX Font Info:    Checking defaults for OMS/cmsy/m/n on input line 156.
LaTeX Font Info:    ... okay on input line 156.
LaTeX Font Info:    Checking defaults for OT1/cmr/m/n on input line 156.
LaTeX Font Info:    ... okay on input line 156.
LaTeX Font Info:    Checking defaults for T1/cmr/m/n on input line 156.
LaTeX Font Info:    ... okay on input line 156.
LaTeX Font Info:    Checking defaults for TS1/cmr/m/n on input line 156.
LaTeX Font Info:    ... okay on input line 156.
LaTeX Font Info:    Checking defaults for OMX/cmex/m/n on input line 156.
LaTeX Font Info:    ... okay on input line 156.
LaTeX Font Info:    Checking defaults for U/cmr/m/n on input line 156.
LaTeX Font Info:    ... okay on input line 156.
LaTeX Font Info:    Checking defaults for PD1/pdf/m/n on input line 156.
LaTeX Font Info:    ... okay on input line 156.
LaTeX Font Info:    Checking defaults for PU/pdf/m/n on input line 156.
LaTeX Font Info:    ... okay on input line 156.
<<ot1.cmap>>
LaTeX Font Info:    Trying to load font information for U+msa on input line 156
.

(/nix/store/gmwrbk5nkq0asr4i7bm69dcl8pjj2c8d-texlive-2024-env-texmfdist/tex/lat
ex/amsfonts/umsa.fd
File: umsa.fd 2013/01/14 v3.01 AMS symbols A
)
LaTeX Font Info:    Trying to load font information for U+msb on input line 156
.

(/nix/store/gmwrbk5nkq0asr4i7bm69dcl8pjj2c8d-texlive-2024-env-texmfdist/tex/lat
ex/amsfonts/umsb.fd
File: umsb.fd 2013/01/14 v3.01 AMS symbols B
)
LaTeX Info: Redefining \microtypecontext on input line 156.
Package microtype Info: Applying patch `item' on input line 156.
Package microtype Info: Applying patch `toc' on input line 156.
Package microtype Info: Applying patch `eqnum' on input line 156.
Package microtype Info: Applying patch `footnote' on input line 156.
Package microtype Info: Applying patch `verbatim' on input line 156.
Package microtype Info: Generating PDF output.
Package microtype Info: Character protrusion enabled (level 2).
Package microtype Info: Using default protrusion set `alltext'.
Package microtype Info: Automatic font expansion enabled (level 2),
(microtype)             stretch: 20, shrink: 20, step: 1, non-selected.
Package microtype Info: Using default expansion set `alltext-nott'.
LaTeX Info: Redefining \showhyphens on input line 156.
Package microtype Info: No adjustment of tracking.
Package microtype Info: No adjustment of interword spacing.
Package microtype Info: No adjustment of character kerning.

(/nix/store/gmwrbk5nkq0asr4i7bm69dcl8pjj2c8d-texlive-2024-env-texmfdist/tex/lat
ex/microtype/mt-cmr.cfg
File: mt-cmr.cfg 2013/05/19 v2.2 microtype config. file: Computer Modern Roman 
(RS)
)
Package hyperref Info: Link coloring OFF on input line 156.
 (./main.out) (./main.out)
\@outlinefile=\write5
\openout5 = `main.out'.


(/nix/store/gmwrbk5nkq0asr4i7bm69dcl8pjj2c8d-texlive-2024-env-texmfdist/tex/con
text/base/mkii/supp-pdf.mkii
[Loading MPS to PDF converter (version 2006.09.02).]
\scratchcounter=\count344
\scratchdimen=\dimen306
\scratchbox=\box74
\nofMPsegments=\count345
\nofMParguments=\count346
\everyMPshowfont=\toks49
\MPscratchCnt=\count347
\MPscratchDim=\dimen307
\MPnumerator=\count348
\makeMPintoPDFobject=\count349
\everyMPtoPDFconversion=\toks50
)
(/nix/store/gmwrbk5nkq0asr4i7bm69dcl8pjj2c8d-texlive-2024-env-texmfdist/tex/lat
ex/epstopdf-pkg/epstopdf-base.sty
Package: epstopdf-base 2020-01-24 v2.11 Base part for package epstopdf
Package epstopdf-base Info: Redefining graphics rule for `.eps' on input line 4
85.

(/nix/store/gmwrbk5nkq0asr4i7bm69dcl8pjj2c8d-texlive-2024-env-texmfdist/tex/lat
ex/latexconfig/epstopdf-sys.cfg
File: epstopdf-sys.cfg 2010/07/13 v1.3 Configuration of (r)epstopdf for TeX Liv
e
))
*geometry* driver: auto-detecting
*geometry* detected driver: pdftex
*geometry* verbose mode - [ preamble ] result:
* driver: pdftex
* paper: custom
* layout: <same size as paper>
* layoutoffset:(h,v)=(0.0pt,0.0pt)
* modes: includehead includefoot twoside heightrounded 
* h-part:(L,W,R)=(46.0pt, 395.8225pt, 46.0pt)
* v-part:(T,H,B)=(58.0pt, 620.7pt, 44.0pt)
* \paperwidth=487.8225pt
* \paperheight=722.7pt
* \textwidth=395.8225pt
* \textheight=574.0pt
* \oddsidemargin=-26.26999pt
* \evensidemargin=-26.26999pt
* \topmargin=-14.26999pt
* \headheight=13.0pt
* \headsep=14.0pt
* \topskip=10.0pt
* \footskip=24.0pt
* \marginparwidth=24.0pt
* \marginparsep=11.0pt
* \columnsep=10.0pt
* \skip\footins=7.0pt plus 11.0pt
* \hoffset=0.0pt
* \voffset=0.0pt
* \mag=1000
* \@twocolumnfalse
* \@twosidetrue
* \@mparswitchtrue
* \@reversemarginfalse
* (1in=72.27pt=25.4mm, 1cm=28.453pt)

Package caption Info: Begin \AtBeginDocument code.
Package caption Info: float package is loaded.
Package caption Info: End \AtBeginDocument code.

Package todonotes Warning: The length marginparwidth is less than 2cm and will 
most likely cause issues with the appearance of inserted todonotes. The issue c
an be solved by adding a line like \setlength {\marginparwidth }{2cm} prior to 
loading the todonotes package. on input line 156.

Package microtype Info: Loading generic protrusion settings for font family
(microtype)             `cmss' (encoding: OT1).
(microtype)             For optimal results, create family-specific settings.
(microtype)             See the microtype manual for details.

(/nix/store/gmwrbk5nkq0asr4i7bm69dcl8pjj2c8d-texlive-2024-env-texmfdist/tex/lat
ex/microtype/mt-msa.cfg
File: mt-msa.cfg 2006/02/04 v1.1 microtype config. file: AMS symbols (a) (RS)
)
(/nix/store/gmwrbk5nkq0asr4i7bm69dcl8pjj2c8d-texlive-2024-env-texmfdist/tex/lat
ex/microtype/mt-msb.cfg
File: mt-msb.cfg 2005/06/01 v1.0 microtype config. file: AMS symbols (b) (RS)
)
LaTeX Font Info:    Trying to load font information for U+euf on input line 198
.

(/nix/store/gmwrbk5nkq0asr4i7bm69dcl8pjj2c8d-texlive-2024-env-texmfdist/tex/lat
ex/amsfonts/ueuf.fd
File: ueuf.fd 2013/01/14 v3.01 Euler Fraktur
)
(/nix/store/gmwrbk5nkq0asr4i7bm69dcl8pjj2c8d-texlive-2024-env-texmfdist/tex/lat
ex/microtype/mt-euf.cfg
File: mt-euf.cfg 2006/07/03 v1.1 microtype config. file: AMS Euler Fraktur (RS)

)

[1.1

{/nix/store/bqdhybyxdfidpwllvvjcnqn934w0bwwk-texlive-2024-env/share/texmf-var/f
onts/map/pdftex/updmap/pdftex.map}]

[2.2]

[3.3]
Overfull \hbox (6.3418pt too wide) in paragraph at lines 313--314
[]\OT1/cmr/m/n/10 (-20) In its dis-crete case, we can-not im-prove. But, if we 
con-strain on the av-er-age case $\OML/cmm/m/it/10 E\OT1/cmr/m/n/10 (-20) [\OML
/cmm/m/it/10 Obj\OT1/cmr/m/n/10 (-20) (\OML/cmm/m/it/10 M[]\OT1/cmr/m/n/10 (-20
) )] =
 []


LaTeX Font Warning: Font shape `OT1/cmss/bx/sc' undefined
(Font)              using `OT1/cmss/bx/n' instead on input line 317.

<figures/pr_bad.png, id=89, 867.24pt x 505.89pt>
File: figures/pr_bad.png Graphic file (type png)
<use figures/pr_bad.png>
Package pdftex.def Info: figures/pr_bad.png  used on input line 344.
(pdftex.def)             Requested size: 395.8225pt x 230.8982pt.

Class acmart Warning: A possible image without description on input line 347.



[4.4]

[5.5 <./figures/pr_bad.png>]

[6.6]

[7.7]

[8.8]
LaTeX Font Info:    Font shape `OT1/cmss/m/it' in size <10> not available
(Font)              Font shape `OT1/cmss/m/sl' tried instead on input line 480.



[9.9]

[10.10]

Class acmart Warning: \vspace should only be used to provide space above/below 
surrounding objects on input line 540.


Class acmart Warning: \vspace should only be used to provide space above/below 
surrounding objects on input line 569.



[11.11] Processing 'acks' comment.
\openout3 = `comment.cut'.

 Comment 'acks' writing to comment.cut.
Straight input of comment.cut. (./comment.cut)
No file main.bbl.

Class acmart Warning: Some images may lack descriptions.
(acmart)              ACM is committed to complying with the upcoming US ADA ht
tps://accessiblyapp.com/accessibility-compliance/ada/ and European Accessibilit
y Act (EAA) https://accessiblyapp.com/accessibility-compliance/eaa/ regulations
 by actively working to ensure our publications and application services are ac
cessible to individuals with disabilities, adhering to the WCAG guidelines to p
rovide a seamless experience for all users, and regularly reviewing our accessi
bility practices to maintain compliance with evolving standards. 
(acmart)              To this end, we strongly encourage our authors to provide
 alternative text and captions for images and multimedia content. It is also im
portant to optimize color contrast for the visually impaired. Taking these impo
rtant steps when creating your papers will ensure that the widest possible audi
ence can ingest your work..




(/nix/store/gmwrbk5nkq0asr4i7bm69dcl8pjj2c8d-texlive-2024-env-texmfdist/tex/gen
eric/stringenc/se-pdfdoc.def
File: se-pdfdoc.def 2019/11/29 v1.12 stringenc: PDFDocEncoding
)
(/nix/store/gmwrbk5nkq0asr4i7bm69dcl8pjj2c8d-texlive-2024-env-texmfdist/tex/gen
eric/stringenc/se-utf8.def
File: se-utf8.def 2019/11/29 v1.12 stringenc: UTF-8
) [12.12] (./main.aux)
 ***********
LaTeX2e <2024-06-01> patch level 2
L3 programming layer <2024-10-09>
 ***********


LaTeX Font Warning: Some font shapes were not available, defaults substituted.

Package rerunfilecheck Info: File `main.out' has not changed.
(rerunfilecheck)             Checksum: A276992C40E5C8C8035F4DDE5B628081;2414.
 ) 
Here is how much of TeX's memory you used:
 28862 strings out of 474986
 551365 string characters out of 5757256
 1003935 words of memory out of 5000000
 50791 multiletter control sequences out of 15000+600000
 575917 words of font info for 169 fonts, out of 8000000 for 9000
 447 hyphenation exceptions out of 8191
 90i,18n,131p,1001b,969s stack positions out of 10000i,1000n,20000p,200000b,200000s
</nix/store/gmwrbk5nkq0asr4i7bm69dcl8pjj2c8d-texlive-2024-env-texmfdist/fonts
/type1/public/amsfonts/cm/cmcsc10.pfb></nix/store/gmwrbk5nkq0asr4i7bm69dcl8pjj2
c8d-texlive-2024-env-texmfdist/fonts/type1/public/amsfonts/cm/cmex10.pfb></nix/
store/gmwrbk5nkq0asr4i7bm69dcl8pjj2c8d-texlive-2024-env-texmfdist/fonts/type1/p
ublic/amsfonts/cm/cmmi10.pfb></nix/store/gmwrbk5nkq0asr4i7bm69dcl8pjj2c8d-texli
ve-2024-env-texmfdist/fonts/type1/public/amsfonts/cm/cmmi5.pfb></nix/store/gmwr
bk5nkq0asr4i7bm69dcl8pjj2c8d-texlive-2024-env-texmfdist/fonts/type1/public/amsf
onts/cm/cmmi6.pfb></nix/store/gmwrbk5nkq0asr4i7bm69dcl8pjj2c8d-texlive-2024-env
-texmfdist/fonts/type1/public/amsfonts/cm/cmmi7.pfb></nix/store/gmwrbk5nkq0asr4
i7bm69dcl8pjj2c8d-texlive-2024-env-texmfdist/fonts/type1/public/amsfonts/cm/cmm
i8.pfb></nix/store/gmwrbk5nkq0asr4i7bm69dcl8pjj2c8d-texlive-2024-env-texmfdist/
fonts/type1/public/amsfonts/cm/cmmi9.pfb></nix/store/gmwrbk5nkq0asr4i7bm69dcl8p
jj2c8d-texlive-2024-env-texmfdist/fonts/type1/public/amsfonts/cm/cmr10.pfb></ni
x/store/gmwrbk5nkq0asr4i7bm69dcl8pjj2c8d-texlive-2024-env-texmfdist/fonts/type1
/public/amsfonts/cm/cmr5.pfb></nix/store/gmwrbk5nkq0asr4i7bm69dcl8pjj2c8d-texli
ve-2024-env-texmfdist/fonts/type1/public/amsfonts/cm/cmr6.pfb></nix/store/gmwrb
k5nkq0asr4i7bm69dcl8pjj2c8d-texlive-2024-env-texmfdist/fonts/type1/public/amsfo
nts/cm/cmr7.pfb></nix/store/gmwrbk5nkq0asr4i7bm69dcl8pjj2c8d-texlive-2024-env-t
exmfdist/fonts/type1/public/amsfonts/cm/cmr8.pfb></nix/store/gmwrbk5nkq0asr4i7b
m69dcl8pjj2c8d-texlive-2024-env-texmfdist/fonts/type1/public/amsfonts/cm/cmr9.p
fb></nix/store/gmwrbk5nkq0asr4i7bm69dcl8pjj2c8d-texlive-2024-env-texmfdist/font
s/type1/public/amsfonts/cm/cmss10.pfb></nix/store/gmwrbk5nkq0asr4i7bm69dcl8pjj2
c8d-texlive-2024-env-texmfdist/fonts/type1/public/amsfonts/cm/cmss8.pfb></nix/s
tore/gmwrbk5nkq0asr4i7bm69dcl8pjj2c8d-texlive-2024-env-texmfdist/fonts/type1/pu
blic/amsfonts/cm/cmss9.pfb></nix/store/gmwrbk5nkq0asr4i7bm69dcl8pjj2c8d-texlive
-2024-env-texmfdist/fonts/type1/public/amsfonts/cm/cmssbx10.pfb></nix/store/gmw
rbk5nkq0asr4i7bm69dcl8pjj2c8d-texlive-2024-env-texmfdist/fonts/type1/public/ams
fonts/cm/cmssi10.pfb></nix/store/gmwrbk5nkq0asr4i7bm69dcl8pjj2c8d-texlive-2024-
env-texmfdist/fonts/type1/public/amsfonts/cm/cmsy10.pfb></nix/store/gmwrbk5nkq0
asr4i7bm69dcl8pjj2c8d-texlive-2024-env-texmfdist/fonts/type1/public/amsfonts/cm
/cmsy5.pfb></nix/store/gmwrbk5nkq0asr4i7bm69dcl8pjj2c8d-texlive-2024-env-texmfd
ist/fonts/type1/public/amsfonts/cm/cmsy6.pfb></nix/store/gmwrbk5nkq0asr4i7bm69d
cl8pjj2c8d-texlive-2024-env-texmfdist/fonts/type1/public/amsfonts/cm/cmsy7.pfb>
</nix/store/gmwrbk5nkq0asr4i7bm69dcl8pjj2c8d-texlive-2024-env-texmfdist/fonts/t
ype1/public/amsfonts/cm/cmsy8.pfb></nix/store/gmwrbk5nkq0asr4i7bm69dcl8pjj2c8d-
texlive-2024-env-texmfdist/fonts/type1/public/amsfonts/cm/cmti10.pfb></nix/stor
e/gmwrbk5nkq0asr4i7bm69dcl8pjj2c8d-texlive-2024-env-texmfdist/fonts/type1/publi
c/amsfonts/euler/eufm10.pfb></nix/store/gmwrbk5nkq0asr4i7bm69dcl8pjj2c8d-texliv
e-2024-env-texmfdist/fonts/type1/public/amsfonts/symbols/msam10.pfb></nix/store
/gmwrbk5nkq0asr4i7bm69dcl8pjj2c8d-texlive-2024-env-texmfdist/fonts/type1/public
/amsfonts/symbols/msbm10.pfb>
Output written on main.pdf (12 pages, 401656 bytes).
PDF statistics:
 263 PDF objects out of 1000 (max. 8388607)
 199 compressed objects within 2 object streams
 33 named destinations out of 1000 (max. 500000)
 45186 words of extra memory for PDF output out of 51595 (max. 10000000)

