This is pdfTeX, Version 3.141592653-2.6-1.40.26 (TeX Live 2024/nixos.org) (preloaded format=latex 1980.1.1)  7 OCT 2025 10:58
entering extended mode
 restricted \write18 enabled.
 %&-line parsing enabled.
**acmart.ins
(./acmart.ins
LaTeX2e <2024-06-01> patch level 2
L3 programming layer <2024-10-09>

(/nix/store/z6fd01iwy436390z9xmm8mk0k0b9bv44-texlive-2024-env-texmfdist/tex/lat
ex/base/docstrip.tex
\blockLevel=\count194
\emptyLines=\count195
\processedLines=\count196
\commentsRemoved=\count197
\commentsPassed=\count198
\codeLinesPassed=\count199
\TotalprocessedLines=\count266
\TotalcommentsRemoved=\count267
\TotalcommentsPassed=\count268
\TotalcodeLinesPassed=\count269
\NumberOfFiles=\count270
\inFile=\read2
\inputcheck=\read3
\off@0=\count271
\off@1=\count272
\off@2=\count273
\off@3=\count274
\off@4=\count275
\off@5=\count276
\off@6=\count277
\off@7=\count278
\off@8=\count279
\off@9=\count280
\off@10=\count281
\off@11=\count282
\off@12=\count283
\off@13=\count284
\off@14=\count285
\off@15=\count286
\@maxfiles=\count287
\@maxoutfiles=\count288

Utility: `docstrip' v2.6b <2022-09-03>
English documentation    <2024-02-08>

**********************************************************
* This program converts documented macro-files into fast *
* loadable files by stripping off (nearly) all comments! *
**********************************************************

********************************************************
* No Configuration file found, using default settings. *
********************************************************

(./acmart.ins

Generating file(s) ./acmart.cls ./acmart-tagged.cls 
\openout0 = `./acmart.cls'.

\openout1 = `./acmart-tagged.cls'.


Processing file acmart.dtx (class) -> acmart.cls
                           (class,tagged) -> acmart-tagged.cls
% % % % % % % % % % % % % % % % % % % % % % % % % % % % % % % % % % % % % % %
% % % % % % % % % % % % % % % % % % % % % % % % % % % % % % % % % % % % % % %
% % % % % % % % % % % % % % % % % % % % % % % % % % % % % % % % % % % % % % %
% % % % % % % % % % % % % % % % % % % % % % % % % % % % % % % % % % % % % % %
% % % % % % % % % % % % % % % % % % % % % % % % % % % % % % % % % % % % % % %
% % % % % % % % % % % % % % % % % % % % % % % % % % % % % % % % % % % % % % %
% % % % % % % % % % % % % % % % % % % % % % % % % % % % % % % % % % % % % % %
% % % % % % % % % % % % % % % % % % % % % % % % % % % % % % % % % % % % % % %
% % % % % % % % % % % % % % % % % % % % % % % % % % % % % % % % % % % % % % %
% % % % % % % % % % % % % % % % % % % % % % % % % % % % % % % % % % % % % % %
% % % % % % % % % % % % % % % % % % % % % % % % % % % % % % % % % % % % % % %
% % % % % % % % % % % % % % % % % % % % % % % % % % % % % % % % % % % % % % %
% % % % % % % % % % % % % % % % % % % % % % % % % % % % % % % % % % % % % % %
% % % % % % % % % % % % % % % % % % % % % % % % % % % % % % % % % % % % % % %
% % % % % % % % % % % % % % % % % % % % % % % % % % % % % % % % % % % % % % %
% % % % % % % % % % % % % % % % % % % % % % % % % % % % % % % % % % % % % % %
% % % % % % % % % % % % % % % % % % % % % % % % % % % % % % % % % % % % % % %
% % % % % % % % % % % % % % % % % % % % % % % % % % % % % % % % % % % % % % %
% % % % % % % % % % % % % % % % % % % % % % % % % % % % % % % % % % % % % % %
% % % % % % % % % % % % % % % % % % % % % % % % % % % % % % % % % % % % % % %
% % % % % % % % % % % % % % % % % % % % % % % % % % % % % % % % % % % % % % %
% % % % % % % % % % % % % % % % % % % % % % % % % % % % % % % % % % % % % % %
% % % % % % % % % % % % % % % % % % % % % % % % % % % % % % % % % % % % % % %
% % % % % % % % % % % % % % % % % % % % % % % % % % % % % % % % % % % % % % %
% % % % % % % % % % % % % % % % % % % % % % % % % % % % % % % % % % % % % % %
% % % % % % % % % % % % % % % % % % % % % % % % % % % % % % % % % % % % % % %
% % % % % % % % % % % % % % % % % % % % % % % % % % % % % % % % % % % % % % %
% % % % % % % % % % % % % % % % % % % % % % % % % % % % % % % % % % % % % % %
% % % % % % % % % % % % % % % % % % % % % % % % % % % % % % % % % % % % % % %
% % % % % % % % % % % % % % % % % % % % % % % % % % % % % % % % % % % % % % %
% % % % % % % % % % % % % % % % % % % % % % % % % % % % % % % % % % % % % % %
% % % % % % % % % % % % % % % % % % % % % % % % % % % % % % % % % % % % % % %
% % % % % % % % % % % % % % % % % % % % % % % % % % % % % % % % % % % % % % %
% % % % % % % % % % % % % % % % % % % % % % % % % % % % % % % % % % % % % % %
% % % % % % % % % % % % % % % % % % % % % % % % % % % % % % % % % % % % % % %
% % % % % % % % % % % % % % % % % % % % % % % % % % % % % % % % % % % % % % %
% % % % % % % % % % % % % % % % % % % % % % % % % % % % % % % % % % % % % % %
% % % % % % % % % % % % % % % % % % % % % % % % % % % % % % % % % % % % % % %
% % % % % % % % % % % % % % % % % % % % % % % % % % % % % % % % % % % % % % %
% % % % % % % % % % % % % % % % % % % % % % % % % % % % % % % % % % % % % % %
% % % % % % % % % % % % % % % % % % % % % % % % % % % % % % % % % % % % % % %
% % % % % % % % % % % % % % % % % % % % % % % % % % % % % % % % % % % % % % %
% % % % % % % % % % % % % % % % % % % % % % % % % . % % % % % % % % % % % % %
% % % % % % % % % % % % % % % % % % % % % % % % % % % % % % % % % % % % % % %
% % % % % % % % % % % % % % % % % % % % % % % % % % % % % % % % % % % % % % %
% % % % % % % % % % % % % % % % % % % % % % % % % % % % % % % % % % % % % % %
% % % % % % % % % % % % % % % % % % % % % % % % % % % % % % % % % % % % % % %
% % % % % % % % % % % % % % % % % % % % % % % % % % % % % % % % % % % % % % %
% % % % % % % % % % % % % % % % % % % % % % % % % % % % % . % % % % % % % % %
% % % % % % % % % % % % % % % % % % % % % % % % % % % % % % % % % % % % % % %
% % % % % % % % % % % % % % % % % % % % % % % % % % % % % % % % % % % % % % %
% % % % % % % % % % % % % % % % % % % % % % % % % % % % % % % % % % % % % % %
% % % % % % % % % % % % % % % % % % % % % % % % % % % % % % % % % % % % % % %
% % % % % % % % % % % % % % % % % % % % % % % % % % % % % % % % % % % % % % %
% % % % % % % % % % % % % % % % % % % % % % % % % % % % % % % % % % % % % % %
% % % % % % % % % % % % % % % % % % % % % % % % % % % % % % % % % % % % % % %
% % % % % % % % % % % % % % % % % % % % % % % % % % % % % % % % % % % % % % %
% % % % % % % % % % % % % % % % % % % % % % % % % % % % % % % % % % % % % % %
% % % % % % % % % % % % % % % % % % % % % % % % % % % % % % % % % % % % % % %
% % % % % % % % % % % % % % % % % % % % % % % % % % % % % % % % % % <class . >
<*gobble . > <class&!tagged . > <tagged . > . % % % % % % % % % % % % % % % %
% % % % % % % % % % % % % % % % % % % % % % % % % % % % % % % % % % % % % % %
% % % % % % % % % % % % % % % % % % % % % % % % % % % % % % % % % % % % % % %
% % % % % % % % % % % % % % % % % % % % % % % % % <*gobble . . . . . . . . . .
. . . . > <*class <!tagged . > <tagged . > % % % % % % % % % . . . . % % % % %
% % . % % % % . % % % % . % % % % % % % % % . . . . . . . . . . . . . . . . .
. . % % % % % % % . . . . . . . . % % % % % % % . . . . . . . . % % % % % % %
% . . . . . . . . % % % % % % % % % . . . . . . . . . % % % % % % % % . . . .
. . . . % % % % % % % % % . . . . . . . . . . . . % % % % % % % % . . . . % %
% % % % % % % . . . . % % % % % % % % % % % % % % . . . . . . . . % % % % % %
% % . . . . . . . . % % % % % % % % % . . . . . . . . % % % % % % % % % % . .
. . . . . . . . % % % % % % % % % . . . . . . % % % % % % % % % % . . . . . %
% % % % % % % % . . . . % % % % % % % % % % . % % % % % % % . % % % % % % % %
% % % . % % % % % % % % % . % % % % % % % % % . % % % % % % % % . . % % % % %
% % % . . % % % % % % % % . . . . . . . . . . . . . . . . . . . . . . . . . .
. . . . . . . . . . . . . . . . . . . . . . . . . . . . . . . . . . . . . . .
. % % % % % % % % % % % <*tagged % % % % % % % % . % % % % % % . % % % % % % .
% % % % % % . % % % > % % % % . . . . . . . . . . . . . . . . . . . . . . . .
. . . . . % % % % % . % % % % . % % % % % % . . % % % % % . % % % % . . . . %
% % % % % % % % % % % % . . . . % % % % % % % . . % % % % % % % % % % % % . .
. . . . . . . . . . . . . . . . . . . . . . . . . . . . . . . . . . . . . . .
. . . . . . . . . . . . . . . . . . . . . . . . . . . . . . . . . . . . . . .
% % % % % % % % % . . . . . . % % % % % % % % % % . . . . . % % % % % % % . .
. % % % % % % % % % % . . . . . . . . . . . . . . . . . . . . . . . . . . . .
. . . . . . . . . . . . . . . . . . . % % % % % % . . . . . . . . . . . . . %
% % % % % . % % % % % % % . . % % % % % % % . % % % % % % % . . % % % % % % %
. % % % % % % % . . % % % % % % % % . % % % % % % % % . . % % % % % % % % . .
. . . % % % % % % % % % % % % % % % % % > <*tagged . . . . > <*class&!tagged .
. . . . . . . . . . . . . . . . . . . . . . . . . . . . . . . . . . . . . . .
. . . . . . . . . . . . . . . . . . . . . . . . . . . . . . . . . . . . . . .
. . . . . . . . . . . . > <*class . % % % % % % % % % % . . . . . <tagged . >
. <tagged . > . . . . . . . % % % % % % % % . % % % % % % % . % % % % % % % %
. % % % % % % % % % . % % % % % % % . . . . . . . . . . . . % % % % % % % % .
. . . . . . . . . . . % % % % % % % % % . % % % % % % % % % % % % % % % % % %
% % % % % % % % % % . . . . . . . . . . . . . . . . . . . . . . . . . . . . .
. . . . . . . . . . . . . % % % % % % % % % . . . . . . . . . . . . . . . . .
. % % % % % % % % % . . . . . . . % % % % % % % % % % % % % . . % % % % . . .
. . . . . % % % % % . . . . . . . . . . . . . . . . . . . % % % % % % % % % %
% % % % . . . . . . . . . . . . . . . . . . . . . . . . . . . . . . . . . . .
. . . . . . . . . . . . . . . . . . . . . . . . . . . . . . . . . . . . . . .
. . . . % % % % % % % % . . . . . . . . . . . . . . . . % % % % % % % % % % %
% % % . % % % % % % % % % % % % % % % % % . . % % % % . . . . . % % % % % % %
. . % % % % % % % . . . . . . . . . . . . % % % % % % % % % % . . % % % % % %
% . . . . . . . . . . . . . . . . . . . . % % % % % % % % % % % % % % % . . .
. . . . . . . . . % % % % % % % . . . . . . . . . . . % % % % % % % % % % % %
% % % % % % % % % . . . . . . . . . . . . . . . . . . . . . . . . % % % % % %
% . . . % % % % % % % . . . % % % % % % % % % % % . . % % % % % % % . . % % %
% % % % . % % % % % % . . . . . . . . . . . . . . . . . . % % % % % % % % % %
% . . . . . . . . . . . . . . . . . . . . . . . . . . . . . . . . . . . . . %
% % % % % % % % % . . . . . . . . . . . . . . . . . . . . . . . . . . . . . .
. . . . % % % % % . . . % % % % % % % % . . . % % % % % % % . % % % % % % % %
% % . . . . . . . . . . % % % % % % % . % % % % % % % % % . . . % % % % % % %
% % % . . % % % % % % % % % % . . . . . . . % % % % % % % . . . . % % % % % %
% % . . . . . . . . . . % % % % % % % % % . . . . . . . . . . . . . . . . . %
% % % % % % % % % % % . . . . . . . . . . . . . . . . . . . . . . . . . . . .
. . . . . . . . . . . . % % % % % % % % . % % % % % % % % % % % . . . . . . .
% % % % % % % % % % % % % . . % % % % % % % % % % % % % % % % % % % % % % % %
% % % % % % % % % . . . . . . . . . . . . . . . . . . . . . . . . . . . . . .
. . . . . . . . . . . . . . . . . . . . . . . . . . . . . . . . . . . . . . .
. . . . . . . . . . . . . . . . . . . . . . . . . . . . . . . . . . . . . . .
. . . . . . . . . . . . . . . . . . . . . . . . . . . . . . . . . . . . . . .
. . . . . . . . . . . . . . . . . . . . . . . . . . . . . . . . . . . . . . .
. . . . . . . . . . . . . . . . . . . . . . . . . . . . . . . . . . . . . . .
. . . . . . . . . . . . . . . . . . . . . . . . . . . . . . . . . . . . . . .
. . . . . . . . . . . . . . . . . . . . . . . . . . . . . . . . . . . . . . .
. . . . . . . . . . . . . . . . . . . . . . . . . . . . . . . . . . . . . . .
. . . . . . . . . . . . . . . . . . . . . . . . . . . . . . . . . . . . . . .
. . . . . . . . . . . . . . . . . . . . . . . . . . . . . . . . . . . . . . .
. . . . . . . . . . . . . . . . . . . . . . . . . . . . . . . . . . . . . . .
. . . . . . . . . . . . . . . . . . . % % % % % . . . % % % % % % % . . . . .
% % % % % % % % % % . . . . . . . . . . . . . . . . . . . % % % % % % % % % %
% % . . % % % % % % % % % . % % % % % % % % . % % % % % % % % . . . . . . % %
% % % % % . . % % % % % % % % % % . . % % % % % % % % . . % % % % % % % % % %
% . . % % % % % % % % % % % % % % % % % % % % . . . . . . . . . . . . . . . .
. . . . . . . . . . . . . . . . . . . . . . . . . . . . . . . . . . % % % % %
% % % % % % . . . . . % % % % % % % % % . . % % % % % % % % % % . % % % % % %
% % . . . . . . . . . % % % % % % % % % . . . . . . % % % % % % % % % % . . .
. . . . . . % % % % % % % % . . % % % % % % % % % . . . . % % % % % % % . % %
% % % % % . . . . . . . . % % % % % % % . % % % % % % % . . . . . . . . . % %
% % % % % . % % % % % % % % . . . . . . % % % % % % % % . . . . . . . . % % %
% % % % % . . % % % % % % % % . . % % % % % % % % % . . % % % % % % % % % . .
% % % % % % % % % % . . % % % % % % % % % % . . % % % % % % % % . . . . % % %
% % % % % % . . % % % % % % % % . . % % % % % % % % % . . % % % % % % % % . .
% % % % % % % % % % % % % . . % % % % % % % % % . % % % % % % % % % % . . % %
% % % % % . % % % % % % . % % % % % % % % . . . . . . . . . . . . . % % % % %
% % % % . . . . . . . . . . . . . % % % % % % % % . % % % % % % . . % % % % %
% % % % . . % % % % % % % % . . % % % % . . . . . % % % % % % % % % . % % % %
% % % . . . . . % % % % % % % . % % % % % % % % . . . . . . % % % % % % % . .
. . . . % % % % . . . . . . . . % % % % % % % % . . . . . . % % % % % % % . .
. . % % % % % % % . % % % % % % % % % . . . . . . . . . . . % % % % % . % % %
% % % % . . . . . . . . . . . . . . . . . . % % % % % % % % . . . . . . . . .
. . . . . . . . . . . . . % % % % % % % . . . . . . % % % % % % % % % . . . .
. . . % % % % % % % % . . % % % % % % % % . % % % % % % % % % % % . . % % % %
% . . % % % % % % % % % . . % % % % % % % % % % % % % % % % . . . . . . . . .
. . . . . . . . . . . . . % % % % . . . . . % % % % % % % . % % % % % % % % %
% % % . . % % % % % % % . . % % % % % % % . . % % % % % % % % % % % % % % % .
. . . . . . . . . . . . . . . . . . . . . . . . . . . . . . . . . . . . . . .
. . . . . . . . . . . . % % % % % . . % % % % % % % % . . . . % % % % % % % %
% % % % % . . . . . . . . . . . . . . . . . . . . . . . . . . . . . . . . . .
. . . . % % % % % % % % % . % % % % % % % % % % % % % % % % % % % % % % % % .
. . . . . . . . . . . . . . . . . . . . . . . . . . . . . . . . . . . . . . .
. . . . . . . . . . . . . . . . . . . . . . . . . . . . . . . . . . . . . . .
. . . . . . . . . . . . . . . . . . . . . . . . . . . . . . . . . . . . . . .
. . . . . . . . . . . . . . . . . . . . . . . . . . . % % % % % % % % % . . %
% % % % % % . % % % % % % % . % % % % % % % . % % % % % % % . . . . . . . % %
% % % % % % % . . . . . . % % % % % % % % % % % % % % % % . . . % % % % % % %
. % % % % % % % % % % % . % % % % % % % % . . . % % % % % % % % % % % % % . %
% % % % % % % % % % % % % % % % % % % % % % % % % % % % % % % % % % % % % % %
% % % % % % % % % % % % % % % % % . . . . . . . . . . . . . . . . . . . . . .
. . . . . . . . . . . . . . . . . . . . . . . . . . . . . . . . . . . . . . .
. . . . . . . . . . . . . . . . . . . . . . . . . . . . . . . . . . . . . . .
. . . . . . . . . . . . . . . . . . . . . . . . . . . . . . . . . . . . . . .
. . . . . . . . . . . . . . . % % % % % % % % % % . . . . . . . . . . . . . .
. . . . . . . . . . . . . . . . . . . . % % % % % % % % % % % % % % % . . . .
. . . . . . . . . . . . . . . . . . . . . . . . . . % % % % % % % % % % % % %
% % % % % . . . . . . . . . . . . . . . . . . . . . . . . . . . . . . . . . .
. . . . . . . . . . . % % % % % % % % . . . . . . . . . . . . . . . . . . . .
. . . . . . % % % % % % % % % % % . . . . . . . . . . . . . . . . . . . . . .
. . . % % % % % % % % % % . . . . . . . . . . . . . . . . . . . . . . . . . %
% % % % % % % % % % % % % % . . . . . . . . . . . . . % % % % % % % % % % % %
% % % % % % % . . . . . . . . . . % % % % % % % % % % % . . . . . . . . % % %
% % % % % % % % % % % % . . . . . . . . % % % % % % % % % % % % % % % % % % %
% % % % % % % % % % % % % % % % % % % % % % % % % % % % % . . . . . . . . . .
. . . . . . . . . . . . . . . . . % % % % % % % % % % % % % % % % % . . . . .
. . . . . . . . . . . . . . . . . . . . . . . % % % % % % % % . % % % % % % %
. % % % % % % . . . . . . . . . . . . . . . . . . . . . . . . . . . . . . . %
% % % % % % . . . . . . . . % % % % % % % % . . % % % % % % % % % . . % % % %
% % % . . % % % % % % % % % . . . . . % % % % % % % % % . . . . . . . . . . .
. % % % % % % % % % % % % % % % % % % % % . . . . . . . . . . . . . . . . . .
. . . . . . . . . . . . . . . . . % % % % % % % % % % % % % % . % % % % % % %
. % % % % % % % . . % % % % % % % % % % . . . . . . . . % % % % % % % % % % %
% % % % . % % % % % % % . . . . . . . . . . . . . . . . . . . % % % . . . . .
. . . . . . . . . . . . . . . . . . . . . . . % % % . . . . . % % % % % % % %
% % % % % . % % % % % % % . . . . . . . . . . . . . % % % . . . . . . . . . .
. . . . . . . . . . . . . . . % % % % . . . . % % % % % % % % % % % % . . . .
. . . . . . . . . . . . . . . . . . . % % % % . . . . . % % % % % % . % % % %
% % % % % % % % . . % % % % % % % % % . . % % % % % % % % % . . . . . . . . .
. . . % % % % % % % % % % % % % % % . . . . . . . . . . % % % % % % % % . . .
. . . . % % % % % % % % % % % % % % % % % % . . . . . . . . . . . . . . . . .
. . . . . . . . . . . . . . . . . . % % % % % % % % % % . . . . . . . % % % %
% % % . % % % % % % % . % % % % % % % % . . . % % % % <*tagged % % . . . . . .
% > % % % % % % . % % % % % % % . . . . . . . . % % % % % % % % % % % % % % %
% % . . . . . . . . . . . . . . . . % % % % % % % % % . . . . . . . % % % % %
% % % % % % % . . . . . . . . . . . . . . . . . . . . . . . . . . . . . . % %
% % % % % % % % % . . . . . . . . . . . . . . . . . % % % % % % % % % . . . .
. % % % % % % % % % % . % % % % % % % % % % % % % % % % % % % % % % % % % % %
% % . . . . . . . . . . . . . . . . . . . . . . . . . . . . . . . . . . . . .
. . . . . . . . . . . . . . . . . . . . . . . . . . . . . . . . . . . . . . .
. . . . . . . . . . . . . . . . . . . . . . . . . . . . . . . . . . . . . . .
. . . . . . . . . . . . . . . % % % % % % % % % % % % % % % % % % % % % % % %
% % % % % % % % % % % % % % % % % % % % . . . . . . . . . . . . . . . . . . .
. . . . . . . . . . . . . . . . . . . . . . . . . . . . . . . . . . . . . . .
. . . . . . . . . . . . . . . . . . . . . . . . . % % % % % % % % % % % % % %
% % % % % % % % % % % % % % % % % % % % % % % % . . . . . . . . . . . . . . .
. . . % % % % % % . . . . . . . . . . . % % % % % % . % % % % % % % % % % . .
. . . . . . . . . . . . . . . . . . . . . . . . . . . . % % % % % % % . . . .
% % % % % % % % % % % % % % % % % % . . . . . . . . . . . . . . . . . . . . .
. . . . . . . . . . . . . . . . . . % % % % % % % % % % % % . . . . . . . . .
. . . . . % % % % % . % % % % % % % . % % % % % % . . . % % % % % % % % % % %
% % . % % % % % % % % % % % . % % % % % % % . % % % % % % % . % % % % % % % .
% % % % % % . . . . . . . . . . . . . . . . . % % % % % . . . . . . . . . . .
% % % % % % % % . % % % % % % % . % % % % % % % . % % % % % % % . % % % % % %
. . . . . . . . . . . . . . . . . % % % % % . . . . . . . . . . . % % % % % %
. % % % % % % % % % % % % % . . . . . . . . . . . . . . . . . . . . . . . . .
. . . % % % % % % . % % % % % % % . % % % % % % . . . . . . . . . . . . . . .
% % % % % . . . . . . . . . % % % % % % % % % % % % % . . . . . . . . . . . .
. . . . . . . . . . . . . . . . . . . . . . . . . . . . . . . . . . . . . . .
. . . . % % % % % % % % % . % % % % % % % % % % . . . . . . . % % % % % % % %
% . % % % % % % % % . . % % % % % % % % % . . . . . . . . . . . . . . % % % %
% % % % % % % % % . . . . . . . . . . . . . . % % % % % % % % % % % % % . . .
. . . . . % % % % % % % % % % % % % % . . . . . . . . . . % % % % % % % % % %
. . . . . % % % % % % % % . . . . . % % % % % % % % . . . . . % % % % % % % %
. . . . . % % % % % % % % . . . . . % % % % % % . > % % % % % % % % %
File acmart.dtx ended by \endinput.
Lines  processed: 9033
Comments removed: 5354
Comments  passed: 16
Codelines passed: 3640

*****************************************************
* Congratulations!  You successfully  generated the *
* acmart package.                                   *
*                                                   *
* Please move the file acmart.cls to where LaTeX    *
* files are stored in  your system.  The manual is  *
* acmart.pdf.                                       *
*                                                   *
* The package is released under LPPL                *
*                                                   *
* Happy TeXing!                                     *
*****************************************************
) ) ) 
Here is how much of TeX's memory you used:
 340 strings out of 474987
 3807 string characters out of 5757282
 386903 words of memory out of 5000000
 23232 multiletter control sequences out of 15000+600000
 558069 words of font info for 36 fonts, out of 8000000 for 9000
 286 hyphenation exceptions out of 8191
 17i,0n,15p,157b,127s stack positions out of 10000i,1000n,20000p,200000b,200000s

No pages of output.
